2026-03-17 14:38:52, MOVE, v:1, k:ed@pedra, mode:PICK
2026-03-17 15:46:17, MOVE, v:1, k:ed@pedra, mode:BACK
2026-03-17 15:47:23, MOVE, v:1, k:ed@apagando, mode:PICK
2026-03-17 15:47:29, MOVE, v:1, k:ed@apagando, mode:BACK
2026-03-17 15:47:33, MOVE, v:1, k:ed@apagando, mode:PICK
2026-03-17 15:47:34, MOVE, v:1, k:ed@apagando, mode:BACK
2026-03-17 15:47:34, MOVE, v:1, k:ed@apagando, mode:PICK
2026-03-17 16:15:09, EXEC, v:1, k:ed@apagando, mode:FULL, rate:0, size:21
2026-03-17 16:34:39, EXEC, v:1, k:ed@apagando, mode:FULL, rate:0, size:40
2026-03-17 16:34:50, EXEC, v:1, k:ed@apagando, mode:FULL, rate:0, size:38
2026-03-17 16:37:19, EXEC, v:1, k:ed@apagando, mode:FULL, rate:0, size:42
2026-03-17 16:37:39, EXEC, v:1, k:ed@apagando, mode:FULL, rate:0, size:42
2026-03-17 16:38:03, EXEC, v:1, k:ed@apagando, mode:FULL, rate:100, size:43
2026-03-17 16:38:24, EXEC, v:1, k:ed@apagando, mode:FULL, rate:100, size:43
2026-03-17 16:38:27, MOVE, v:1, k:ed@apagando, mode:BACK
2026-03-17 16:38:30, MOVE, v:1, k:ed@apagando, mode:PICK
2026-03-17 16:39:09, SELF, v:1, k:ed@apagando, self:1, rate:100, study:40, concept:1, code:1
2026-03-17 16:39:11, MOVE, v:1, k:ed@apagando, mode:BACK
2026-03-17 16:43:06, MOVE, v:1, k:ed@apagando, mode:PICK
2026-03-17 16:43:08, EXEC, v:1, k:ed@apagando, mode:FULL, rate:100, size:43
2026-03-17 16:43:10, MOVE, v:1, k:ed@apagando, mode:BACK
2026-03-17 16:43:54, MOVE, v:1, k:ed@fuga, mode:PICK
2026-03-17 16:43:56, EXEC, v:1, k:ed@fuga, mode:FULL, rate:100
2026-03-17 16:44:00, MOVE, v:1, k:ed@fuga, mode:BACK
2026-03-17 16:44:12, MOVE, v:1, k:ed@pintando, mode:PICK
2026-03-17 16:44:13, EXEC, v:1, k:ed@pintando, mode:FULL, rate:100
2026-03-17 16:44:14, MOVE, v:1, k:ed@pintando, mode:BACK
