2026-04-07 09:56:10, MOVE, v:1, k:ed@manipulacao, mode:PICK
2026-04-07 09:56:13, MOVE, v:1, k:ed@manipulacao, mode:BACK
2026-04-07 09:56:26, MOVE, v:1, k:ed@manipulacao, mode:PICK
2026-04-07 10:06:16, MOVE, v:1, k:ed@manipulacao, mode:BACK
2026-04-07 10:07:59, MOVE, v:1, k:ed@manipulacao, mode:PICK
2026-04-07 10:08:04, EXEC, v:1, k:ed@manipulacao, mode:FULL, size:127, fail:COMP
2026-04-07 10:08:06, MOVE, v:1, k:ed@manipulacao, mode:BACK
2026-04-07 10:48:05, MOVE, v:1, k:ed@manipulacao, mode:PICK
2026-04-07 11:30:45, MOVE, v:1, k:ed@manipulacao, mode:BACK
2026-04-07 11:30:49, MOVE, v:1, k:ed@manipulacao, mode:PICK
2026-04-07 11:30:52, EXEC, v:1, k:ed@manipulacao, mode:FULL, size:138, fail:COMP
2026-04-07 11:30:53, MOVE, v:1, k:ed@manipulacao, mode:BACK
2026-04-07 11:32:34, MOVE, v:1, k:ed@manipulacao, mode:PICK
2026-04-07 11:32:36, EXEC, v:1, k:ed@manipulacao, mode:FULL, size:149, fail:COMP
2026-04-07 11:32:51, MOVE, v:1, k:ed@manipulacao, mode:BACK
2026-04-07 11:33:17, MOVE, v:1, k:ed@manipulacao, mode:PICK
2026-04-07 11:33:21, EXEC, v:1, k:ed@manipulacao, mode:FULL, rate:85, size:150
2026-04-07 11:36:08, EXEC, v:1, k:ed@manipulacao, mode:FULL, rate:100, size:147
2026-04-07 11:38:05, SELF, v:1, k:ed@manipulacao, self:1, rate:100, study:240, concept:1, problem:1
2026-04-07 11:38:06, MOVE, v:1, k:ed@manipulacao, mode:BACK
2026-04-07 11:38:17, MOVE, v:1, k:ed@baruel, mode:PICK
2026-04-07 11:38:23, MOVE, v:1, k:ed@baruel, mode:BACK
2026-04-07 11:38:27, MOVE, v:1, k:ed@baruel, mode:PICK
2026-04-07 11:38:57, SELF, v:1, k:ed@baruel, self:1, rate:100, study:150, concept:1
2026-04-07 11:38:57, MOVE, v:1, k:ed@baruel, mode:BACK
2026-04-07 16:17:31, MOVE, v:1, k:ed@manipulacao, mode:EDIT
